<?xml version="1.0" encoding="UTF-8"?>
<testng-results ignored="0" total="1" passed="1" failed="0" skipped="0">
  <reporter-output>
  </reporter-output>
  <suite started-at="2025-10-25T18:13:43 IST" name="Surefire suite" finished-at="2025-10-25T18:13:50 IST" duration-ms="7936">
    <groups>
    </groups>
    <test started-at="2025-10-25T18:13:43 IST" name="Surefire test" finished-at="2025-10-25T18:13:50 IST" duration-ms="7936">
      <class name="com.selenium.mcp.DemoBlazePurchaseTest">
        <test-method is-config="true" signature="setup()[pri:0, instance:com.selenium.mcp.DemoBlazePurchaseTest@11a9e7c8]" started-at="2025-10-25T18:13:43 IST" name="setup" finished-at="2025-10-25T18:13:44 IST" duration-ms="1418" status="PASS">
          <reporter-output>
          </reporter-output>
        </test-method> <!-- setup -->
        <test-method signature="testPurchaseFlow()[pri:0, instance:com.selenium.mcp.DemoBlazePurchaseTest@11a9e7c8]" started-at="2025-10-25T18:13:44 IST" name="testPurchaseFlow" finished-at="2025-10-25T18:13:50 IST" duration-ms="6312" status="PASS">
          <reporter-output>
          </reporter-output>
        </test-method> <!-- testPurchaseFlow -->
        <test-method is-config="true" signature="tearDown()[pri:0, instance:com.selenium.mcp.DemoBlazePurchaseTest@11a9e7c8]" started-at="2025-10-25T18:13:50 IST" name="tearDown" finished-at="2025-10-25T18:13:50 IST" duration-ms="176" status="PASS">
          <reporter-output>
          </reporter-output>
        </test-method> <!-- tearDown -->
      </class> <!-- com.selenium.mcp.DemoBlazePurchaseTest -->
    </test> <!-- Surefire test -->
  </suite> <!-- Surefire suite -->
</testng-results>
